<?xml version="1.0" encoding="UTF-8"?>
<testsuite name="in.gmbilabs.solution.SolutionTest" tests="2" skipped="0" failures="0" errors="0" timestamp="2021-10-29T12:48:17" hostname="Darshans-MacBook-Air.local" time="0.033">
  <properties/>
  <testcase name="positiveTest1()" classname="in.gmbilabs.solution.SolutionTest" time="0.028"/>
  <testcase name="positiveTest2()" classname="in.gmbilabs.solution.SolutionTest" time="0.003"/>
  <system-out><![CDATA[]]></system-out>
  <system-err><![CDATA[]]></system-err>
</testsuite>
